0 info it worked if it ends with ok
1 verbose cli [ 'C:\\Program Files\\nodejs\\node.exe',
1 verbose cli   'C:\\Program Files\\nodejs\\node_modules\\npm\\bin\\npm-cli.js',
1 verbose cli   'start' ]
<<<<<<< HEAD
2 info using npm@3.10.9
3 info using node@v7.1.0
=======
2 info using npm@3.10.8
3 info using node@v6.9.1
>>>>>>> 7dc6f16d29c9d9f9e2c5c219563721b2ecb80304
4 verbose run-script [ 'prestart', 'start', 'poststart' ]
5 info lifecycle final-project@0.0.0~prestart: final-project@0.0.0
6 silly lifecycle final-project@0.0.0~prestart: no script for prestart, continuing
7 info lifecycle final-project@0.0.0~start: final-project@0.0.0
8 verbose lifecycle final-project@0.0.0~start: unsafe-perm in lifecycle true
<<<<<<< HEAD
9 verbose lifecycle final-project@0.0.0~start: PATH: C:\Program Files\nodejs\node_modules\npm\bin\node-gyp-bin;C:\Users\Asus-PC\Desktop\IT talents\Final-Project\final-project\node_modules\.bin;C:\Program Files (x86)\iis express\PHP\v5.4;C:\ProgramData\Oracle\Java\javapath;C:\Windows\system32;C:\Windows;C:\Windows\System32\Wbem;C:\Windows\System32\WindowsPowerShell\v1.0\;C:\Program Files\MySQL\MySQL Server 5.1\bin;C:\WINDOWS\system32;C:\WINDOWS;C:\WINDOWS\System32\Wbem;C:\WINDOWS\System32\WindowsPowerShell\v1.0\;%USERPROFILE%\.dnx\bin;C:\Program Files\Microsoft DNX\Dnvm\;C:\Program Files\Microsoft SQL Server\130\Tools\Binn\;C:\Program Files\nodejs\;C:\Program Files\Git\cmd;C:\Program Files\Calibre2\;C:\Program Files (x86)\Skype\Phone\;C:\Users\Asus-PC\AppData\Local\Microsoft\WindowsApps;C:\Users\Asus-PC\AppData\Local\atom\bin;C:\Users\Asus-PC\AppData\Roaming\npm;C:\Program Files (x86)\Microsoft VS Code\bin;C:\Program Files\Heroku\bin
10 verbose lifecycle final-project@0.0.0~start: CWD: C:\Users\Asus-PC\Desktop\IT talents\Final-Project\final-project
=======
9 verbose lifecycle final-project@0.0.0~start: PATH: C:\Program Files\nodejs\node_modules\npm\bin\node-gyp-bin;C:\Users\Alen\Desktop\Working Directory\social-network-final-project\node_modules\.bin;C:\WINDOWS\system32;C:\WINDOWS;C:\WINDOWS\System32\Wbem;C:\WINDOWS\System32\WindowsPowerShell\v1.0\;C:\Program Files\Microsoft SQL Server\130\Tools\Binn\;C:\Program Files\nodejs\;C:\Program Files (x86)\Windows Kits\8.1\Windows Performance Toolkit\;C:\Program Files\Microsoft SQL Server\110\Tools\Binn\;C:\Program Files (x86)\Skype\Phone\;C:\Program Files\Git\cmd;C:\Users\Alen\AppData\Roaming\npm;C:\Program Files (x86)\Microsoft VS Code\bin;C:\Users\Alen\AppData\Local\atom\bin;C:\Program Files\Heroku\bin;C:\Program Files\MongoDB\Server\3.4\bin\
10 verbose lifecycle final-project@0.0.0~start: CWD: C:\Users\Alen\Desktop\Working Directory\social-network-final-project
>>>>>>> 7dc6f16d29c9d9f9e2c5c219563721b2ecb80304
11 silly lifecycle final-project@0.0.0~start: Args: [ '/d /s /c', 'node ./bin/www' ]
12 silly lifecycle final-project@0.0.0~start: Returned: code: 3221225786  signal: null
13 info lifecycle final-project@0.0.0~start: Failed to exec start script
14 verbose stack Error: final-project@0.0.0 start: `node ./bin/www`
14 verbose stack Exit status 3221225786
14 verbose stack     at EventEmitter.<anonymous> (C:\Program Files\nodejs\node_modules\npm\lib\utils\lifecycle.js:255:16)
14 verbose stack     at emitTwo (events.js:106:13)
14 verbose stack     at EventEmitter.emit (events.js:191:7)
14 verbose stack     at ChildProcess.<anonymous> (C:\Program Files\nodejs\node_modules\npm\lib\utils\spawn.js:40:14)
14 verbose stack     at emitTwo (events.js:106:13)
14 verbose stack     at ChildProcess.emit (events.js:191:7)
<<<<<<< HEAD
14 verbose stack     at maybeClose (internal/child_process.js:885:16)
14 verbose stack     at Process.ChildProcess._handle.onexit (internal/child_process.js:226:5)
15 verbose pkgid final-project@0.0.0
16 verbose cwd C:\Users\Asus-PC\Desktop\IT talents\Final-Project\final-project
17 error Windows_NT 10.0.14393
18 error argv "C:\\Program Files\\nodejs\\node.exe" "C:\\Program Files\\nodejs\\node_modules\\npm\\bin\\npm-cli.js" "start"
19 error node v7.1.0
20 error npm  v3.10.9
=======
14 verbose stack     at maybeClose (internal/child_process.js:877:16)
14 verbose stack     at Process.ChildProcess._handle.onexit (internal/child_process.js:226:5)
15 verbose pkgid final-project@0.0.0
16 verbose cwd C:\Users\Alen\Desktop\Working Directory\social-network-final-project
17 error Windows_NT 6.3.9600
18 error argv "C:\\Program Files\\nodejs\\node.exe" "C:\\Program Files\\nodejs\\node_modules\\npm\\bin\\npm-cli.js" "start"
19 error node v6.9.1
20 error npm  v3.10.8
>>>>>>> 7dc6f16d29c9d9f9e2c5c219563721b2ecb80304
21 error code ELIFECYCLE
22 error final-project@0.0.0 start: `node ./bin/www`
22 error Exit status 3221225786
23 error Failed at the final-project@0.0.0 start script 'node ./bin/www'.
23 error Make sure you have the latest version of node.js and npm installed.
23 error If you do, this is most likely a problem with the final-project package,
23 error not with npm itself.
23 error Tell the author that this fails on your system:
23 error     node ./bin/www
23 error You can get information on how to open an issue for this project with:
23 error     npm bugs final-project
23 error Or if that isn't available, you can get their info via:
23 error     npm owner ls final-project
23 error There is likely additional logging output above.
24 verbose exit [ 1, true ]
